<?xml version="1.0" encoding="UTF-8"?>
<!-- Generated by org.testng.reporters.JUnitReportReporter -->
<testsuite skipped="0" hostname="lslcwksg6161309" name="speedUpScript.SpeedUpScript" tests="2" failures="0" timestamp="24 Sep 2019 23:46:29 GMT" time="29.832" errors="0">
  <testcase name="test" time="7.882" classname="speedUpScript.SpeedUpScript"/>
  <testcase name="test1" time="21.950" classname="speedUpScript.SpeedUpScript"/>
</testsuite> <!-- speedUpScript.SpeedUpScript -->
