<?xml version="1.0" encoding="UTF-8"?>
<!-- Generated by org.testng.reporters.JUnitReportReporter -->
<testsuite skipped="0" hostname="lslcwksg6161309" name="javasriptExecutor.JavascriptExecutorConcept" tests="1" failures="0" timestamp="26 Sep 2019 15:16:47 GMT" time="11.909" errors="0">
  <testcase name="test" time="11.909" classname="javasriptExecutor.JavascriptExecutorConcept"/>
</testsuite> <!-- javasriptExecutor.JavascriptExecutorConcept -->
