<?xml version="1.0" encoding="UTF-8"?>
<!-- Generated by org.testng.reporters.JUnitReportReporter -->
<testsuite skipped="0" hostname="lslcwksg6161309" name="collections.ArrayListIteration" tests="1" failures="0" timestamp="13 Sep 2019 00:12:14 GMT" time="0.072" errors="0">
  <testcase name="test" time="0.072" classname="collections.ArrayListIteration"/>
</testsuite> <!-- collections.ArrayListIteration -->
