<?xml version="1.0" encoding="UTF-8"?>
<!-- Generated by org.testng.reporters.JUnitReportReporter -->
<testsuite skipped="0" hostname="lslcwksg6161309" name="speedUpScript.HtmlUnitDriverTest" tests="1" failures="0" timestamp="25 Sep 2019 00:07:15 GMT" time="4.832" errors="0">
  <testcase name="test" time="4.832" classname="speedUpScript.HtmlUnitDriverTest"/>
</testsuite> <!-- speedUpScript.HtmlUnitDriverTest -->
