<?xml version="1.0" encoding="UTF-8"?>
<!-- Generated by org.testng.reporters.JUnitReportReporter -->
<testsuite skipped="0" hostname="lslcwksg6161309" name="collections.TwoDimensArray" tests="1" failures="0" timestamp="27 Sep 2019 00:11:44 GMT" time="0.015" errors="0">
  <testcase name="test" time="0.015" classname="collections.TwoDimensArray"/>
</testsuite> <!-- collections.TwoDimensArray -->
