<?xml version="1.0" encoding="UTF-8"?>
<!-- Generated by org.testng.reporters.JUnitReportReporter -->
<testsuite skipped="0" hostname="lslcwksg6161309" name="collections.FindDuplicatesInArray" tests="1" failures="0" timestamp="12 Sep 2019 20:19:48 GMT" time="0.016" errors="0">
  <testcase name="test" time="0.016" classname="collections.FindDuplicatesInArray"/>
</testsuite> <!-- collections.FindDuplicatesInArray -->
