<?xml version="1.0" encoding="UTF-8"?>
<!-- Generated by org.testng.reporters.JUnitReportReporter -->
<testsuite skipped="0" hostname="lslcwksg6161309" name="speedUpScript.ChromeHeadLess" tests="1" failures="0" timestamp="25 Sep 2019 00:28:19 GMT" time="13.009" errors="0">
  <testcase name="test" time="13.009" classname="speedUpScript.ChromeHeadLess"/>
</testsuite> <!-- speedUpScript.ChromeHeadLess -->
