<?xml version="1.0" encoding="UTF-8"?>
<!-- Generated by org.testng.reporters.JUnitReportReporter -->
<testsuite skipped="0" hostname="lslcwksg6161309" name="collections.HashtableConcept" tests="1" failures="0" timestamp="12 Sep 2019 19:18:14 GMT" time="0.020" errors="0">
  <testcase name="test" time="0.020" classname="collections.HashtableConcept"/>
</testsuite> <!-- collections.HashtableConcept -->
