<?xml version="1.0" encoding="UTF-8"?>
<!-- Generated by org.testng.reporters.JUnitReportReporter -->
<testsuite skipped="0" hostname="lslcwksg6161309" name="singletonInSelenium.SingletonTest" tests="1" failures="0" timestamp="01 Oct 2019 01:06:38 GMT" time="9.180" errors="0">
  <testcase name="test" time="9.180" classname="singletonInSelenium.SingletonTest"/>
</testsuite> <!-- singletonInSelenium.SingletonTest -->
